2017-06-25 02:49:27,315 - root - INFO - ############################### START ###############################
2017-06-25 02:49:37,189 - root - INFO - SUCCESS    Navigated to http://www.fengsulian.com/, Spend 7.243443965911865 seconds
2017-06-25 02:49:37,389 - root - INFO - SUCCESS    Set browser window maximized, Spend 0.19817852973937988 seconds
2017-06-25 02:49:37,410 - root - INFO - FAIL    Fail to find element ('css selector', '.notLogin>a'),Spend 0.0030035972595214844 seconds
2017-06-25 02:49:40,475 - root - INFO - ###############################  End  ###############################
2017-06-25 02:50:11,963 - root - INFO - ############################### START ###############################
2017-06-25 02:50:21,766 - root - INFO - SUCCESS    Navigated to http://www.fengsulian.com/, Spend 7.200460910797119 seconds
2017-06-25 02:50:21,976 - root - INFO - SUCCESS    Set browser window maximized, Spend 0.20818853378295898 seconds
2017-06-25 02:50:21,995 - root - INFO - FAIL    Fail to find element ('css selector', '.notLogin>a'),Spend 0.0030019283294677734 seconds
2017-06-25 02:50:25,049 - root - INFO - ###############################  End  ###############################
2017-06-25 02:51:50,368 - root - INFO - ############################### START ###############################
2017-06-25 02:52:00,722 - root - INFO - SUCCESS    Navigated to http://www.fengsulian.com/, Spend 7.7624452114105225 seconds
2017-06-25 02:52:00,925 - root - INFO - SUCCESS    Set browser window maximized, Spend 0.2021796703338623 seconds
2017-06-25 02:52:00,943 - root - INFO - FAILED    Fail to find element ('css selector', '.notLogin>a'),Spend 0.004002094268798828 seconds
2017-06-25 02:52:04,021 - root - INFO - ###############################  End  ###############################
2017-06-25 02:52:22,119 - root - INFO - ############################### START ###############################
2017-06-25 02:52:32,126 - root - INFO - SUCCESS    Navigated to http://www.fengsulian.com/, Spend 7.408501863479614 seconds
2017-06-25 02:52:32,329 - root - INFO - SUCCESS    Set browser window maximized, Spend 0.20118045806884766 seconds
2017-06-25 02:52:32,343 - root - INFO - FAILED    Fail to find element ('css selector', '.notLogin>a'),Spend 0.003002166748046875 seconds
2017-06-25 02:52:35,409 - root - INFO - ###############################  End  ###############################
