2017-07-05 00:05:36,739-loginPage.py[line:42]-loginalert- INFO:定位用户名、密码的弹框:('css selector', '.notLogin>a')
2017-07-05 00:05:36,739-loginPage.py[line:42]-loginalert- INFO:定位用户名、密码的弹框:('css selector', '.notLogin>a')
2017-07-05 00:05:39,362-loginPage.py[line:50]-input_username- INFO:定位用户名输入框：('id', 'username'),输入用户名:18675956153
2017-07-05 00:05:39,362-loginPage.py[line:50]-input_username- INFO:定位用户名输入框：('id', 'username'),输入用户名:18675956153
2017-07-05 00:05:39,528-loginPage.py[line:57]-input_pwd- INFO:定位密码输入框：('id', 'password'),输入密码:123456xyf
2017-07-05 00:05:39,528-loginPage.py[line:57]-input_pwd- INFO:定位密码输入框：('id', 'password'),输入密码:123456xyf
2017-07-05 00:05:39,613-loginPage.py[line:64]-login_submit- INFO:点击登录按钮:('xpath', ".//input[@value='登录']")
2017-07-05 00:05:39,613-loginPage.py[line:64]-login_submit- INFO:点击登录按钮:('xpath', ".//input[@value='登录']")
2017-07-05 00:05:43,708-login_sta.py[line:61]-test_login- INFO:执行断言函数：True,True
2017-07-05 00:05:43,708-login_sta.py[line:61]-test_login- INFO:执行断言函数：True,True
2017-07-05 00:05:44,214-login_sta.py[line:64]-test_login- INFO:用例执行完截图
2017-07-05 00:05:44,214-login_sta.py[line:64]-test_login- INFO:用例执行完截图
2017-07-05 00:05:56,937-loginPage.py[line:42]-loginalert- INFO:定位用户名、密码的弹框:('css selector', '.notLogin>a')
2017-07-05 00:05:56,937-loginPage.py[line:42]-loginalert- INFO:定位用户名、密码的弹框:('css selector', '.notLogin>a')
2017-07-05 00:05:59,134-loginPage.py[line:50]-input_username- INFO:定位用户名输入框：('id', 'username'),输入用户名:
2017-07-05 00:05:59,134-loginPage.py[line:50]-input_username- INFO:定位用户名输入框：('id', 'username'),输入用户名:
2017-07-05 00:05:59,271-loginPage.py[line:57]-input_pwd- INFO:定位密码输入框：('id', 'password'),输入密码:123456xyf
2017-07-05 00:05:59,271-loginPage.py[line:57]-input_pwd- INFO:定位密码输入框：('id', 'password'),输入密码:123456xyf
2017-07-05 00:05:59,380-loginPage.py[line:64]-login_submit- INFO:点击登录按钮:('xpath', ".//input[@value='登录']")
2017-07-05 00:05:59,380-loginPage.py[line:64]-login_submit- INFO:点击登录按钮:('xpath', ".//input[@value='登录']")
2017-07-05 00:06:02,976-login_sta.py[line:61]-test_login- INFO:执行断言函数：False,False
2017-07-05 00:06:02,976-login_sta.py[line:61]-test_login- INFO:执行断言函数：False,False
2017-07-05 00:06:03,217-login_sta.py[line:64]-test_login- INFO:用例执行完截图
2017-07-05 00:06:03,217-login_sta.py[line:64]-test_login- INFO:用例执行完截图
2017-07-05 00:06:20,945-loginPage.py[line:42]-loginalert- INFO:定位用户名、密码的弹框:('css selector', '.notLogin>a')
2017-07-05 00:06:20,945-loginPage.py[line:42]-loginalert- INFO:定位用户名、密码的弹框:('css selector', '.notLogin>a')
2017-07-05 00:06:26,397-loginPage.py[line:50]-input_username- INFO:定位用户名输入框：('id', 'username'),输入用户名:18675956153
2017-07-05 00:06:26,397-loginPage.py[line:50]-input_username- INFO:定位用户名输入框：('id', 'username'),输入用户名:18675956153
2017-07-05 00:06:26,536-loginPage.py[line:57]-input_pwd- INFO:定位密码输入框：('id', 'password'),输入密码:
2017-07-05 00:06:26,536-loginPage.py[line:57]-input_pwd- INFO:定位密码输入框：('id', 'password'),输入密码:
2017-07-05 00:06:26,630-loginPage.py[line:64]-login_submit- INFO:点击登录按钮:('xpath', ".//input[@value='登录']")
2017-07-05 00:06:26,630-loginPage.py[line:64]-login_submit- INFO:点击登录按钮:('xpath', ".//input[@value='登录']")
2017-07-05 00:06:30,199-login_sta.py[line:61]-test_login- INFO:执行断言函数：False,False
2017-07-05 00:06:30,199-login_sta.py[line:61]-test_login- INFO:执行断言函数：False,False
2017-07-05 00:06:30,433-login_sta.py[line:64]-test_login- INFO:用例执行完截图
2017-07-05 00:06:30,433-login_sta.py[line:64]-test_login- INFO:用例执行完截图
2017-07-05 00:06:46,944-loginPage.py[line:42]-loginalert- INFO:定位用户名、密码的弹框:('css selector', '.notLogin>a')
2017-07-05 00:06:46,944-loginPage.py[line:42]-loginalert- INFO:定位用户名、密码的弹框:('css selector', '.notLogin>a')
2017-07-05 00:06:48,809-loginPage.py[line:50]-input_username- INFO:定位用户名输入框：('id', 'username'),输入用户名:13838384382
2017-07-05 00:06:48,809-loginPage.py[line:50]-input_username- INFO:定位用户名输入框：('id', 'username'),输入用户名:13838384382
2017-07-05 00:06:48,960-loginPage.py[line:57]-input_pwd- INFO:定位密码输入框：('id', 'password'),输入密码:123456xyf
2017-07-05 00:06:48,960-loginPage.py[line:57]-input_pwd- INFO:定位密码输入框：('id', 'password'),输入密码:123456xyf
2017-07-05 00:06:49,057-loginPage.py[line:64]-login_submit- INFO:点击登录按钮:('xpath', ".//input[@value='登录']")
2017-07-05 00:06:49,057-loginPage.py[line:64]-login_submit- INFO:点击登录按钮:('xpath', ".//input[@value='登录']")
2017-07-05 00:06:52,640-login_sta.py[line:61]-test_login- INFO:执行断言函数：False,False
2017-07-05 00:06:52,640-login_sta.py[line:61]-test_login- INFO:执行断言函数：False,False
2017-07-05 00:06:52,883-login_sta.py[line:64]-test_login- INFO:用例执行完截图
2017-07-05 00:06:52,883-login_sta.py[line:64]-test_login- INFO:用例执行完截图
2017-07-05 00:07:09,348-loginPage.py[line:42]-loginalert- INFO:定位用户名、密码的弹框:('css selector', '.notLogin>a')
2017-07-05 00:07:09,348-loginPage.py[line:42]-loginalert- INFO:定位用户名、密码的弹框:('css selector', '.notLogin>a')
2017-07-05 00:07:17,113-loginPage.py[line:50]-input_username- INFO:定位用户名输入框：('id', 'username'),输入用户名:1383838438222
2017-07-05 00:07:17,113-loginPage.py[line:50]-input_username- INFO:定位用户名输入框：('id', 'username'),输入用户名:1383838438222
2017-07-05 00:07:17,259-loginPage.py[line:57]-input_pwd- INFO:定位密码输入框：('id', 'password'),输入密码:123456xyf
2017-07-05 00:07:17,259-loginPage.py[line:57]-input_pwd- INFO:定位密码输入框：('id', 'password'),输入密码:123456xyf
2017-07-05 00:07:17,349-loginPage.py[line:64]-login_submit- INFO:点击登录按钮:('xpath', ".//input[@value='登录']")
2017-07-05 00:07:17,349-loginPage.py[line:64]-login_submit- INFO:点击登录按钮:('xpath', ".//input[@value='登录']")
2017-07-05 00:07:20,954-login_sta.py[line:61]-test_login- INFO:执行断言函数：False,False
2017-07-05 00:07:20,954-login_sta.py[line:61]-test_login- INFO:执行断言函数：False,False
2017-07-05 00:07:21,191-login_sta.py[line:64]-test_login- INFO:用例执行完截图
2017-07-05 00:07:21,191-login_sta.py[line:64]-test_login- INFO:用例执行完截图
