2017-07-04 23:52:00,223-loginPage.py[line:42]-loginalert- INFO:定位用户名、密码的弹框:('css selector', '.notLogin>a')
2017-07-04 23:52:00,223-loginPage.py[line:42]-loginalert- INFO:定位用户名、密码的弹框:('css selector', '.notLogin>a')
2017-07-04 23:52:00,223-loginPage.py[line:42]-loginalert- INFO:定位用户名、密码的弹框:('css selector', '.notLogin>a')
2017-07-04 23:52:02,020-loginPage.py[line:50]-input_username- INFO:定位用户名输入框：('id', 'username'),输入用户名:18675956153
2017-07-04 23:52:02,020-loginPage.py[line:50]-input_username- INFO:定位用户名输入框：('id', 'username'),输入用户名:18675956153
2017-07-04 23:52:02,020-loginPage.py[line:50]-input_username- INFO:定位用户名输入框：('id', 'username'),输入用户名:18675956153
2017-07-04 23:52:02,174-loginPage.py[line:57]-input_pwd- INFO:定位密码输入框：('id', 'password'),输入密码:123456xyf
2017-07-04 23:52:02,174-loginPage.py[line:57]-input_pwd- INFO:定位密码输入框：('id', 'password'),输入密码:123456xyf
2017-07-04 23:52:02,174-loginPage.py[line:57]-input_pwd- INFO:定位密码输入框：('id', 'password'),输入密码:123456xyf
2017-07-04 23:52:02,267-loginPage.py[line:64]-login_submit- INFO:点击登录按钮:('xpath', ".//input[@value='登录']")
2017-07-04 23:52:02,267-loginPage.py[line:64]-login_submit- INFO:点击登录按钮:('xpath', ".//input[@value='登录']")
2017-07-04 23:52:02,267-loginPage.py[line:64]-login_submit- INFO:点击登录按钮:('xpath', ".//input[@value='登录']")
2017-07-04 23:52:26,279-loginPage.py[line:42]-loginalert- INFO:定位用户名、密码的弹框:('css selector', '.notLogin>a')
2017-07-04 23:52:26,279-loginPage.py[line:42]-loginalert- INFO:定位用户名、密码的弹框:('css selector', '.notLogin>a')
2017-07-04 23:52:26,279-loginPage.py[line:42]-loginalert- INFO:定位用户名、密码的弹框:('css selector', '.notLogin>a')
2017-07-04 23:52:28,431-loginPage.py[line:50]-input_username- INFO:定位用户名输入框：('id', 'username'),输入用户名:
2017-07-04 23:52:28,431-loginPage.py[line:50]-input_username- INFO:定位用户名输入框：('id', 'username'),输入用户名:
2017-07-04 23:52:28,431-loginPage.py[line:50]-input_username- INFO:定位用户名输入框：('id', 'username'),输入用户名:
2017-07-04 23:52:28,568-loginPage.py[line:57]-input_pwd- INFO:定位密码输入框：('id', 'password'),输入密码:123456xyf
2017-07-04 23:52:28,568-loginPage.py[line:57]-input_pwd- INFO:定位密码输入框：('id', 'password'),输入密码:123456xyf
2017-07-04 23:52:28,568-loginPage.py[line:57]-input_pwd- INFO:定位密码输入框：('id', 'password'),输入密码:123456xyf
2017-07-04 23:52:28,679-loginPage.py[line:64]-login_submit- INFO:点击登录按钮:('xpath', ".//input[@value='登录']")
2017-07-04 23:52:28,679-loginPage.py[line:64]-login_submit- INFO:点击登录按钮:('xpath', ".//input[@value='登录']")
2017-07-04 23:52:28,679-loginPage.py[line:64]-login_submit- INFO:点击登录按钮:('xpath', ".//input[@value='登录']")
2017-07-04 23:52:47,345-loginPage.py[line:42]-loginalert- INFO:定位用户名、密码的弹框:('css selector', '.notLogin>a')
2017-07-04 23:52:47,345-loginPage.py[line:42]-loginalert- INFO:定位用户名、密码的弹框:('css selector', '.notLogin>a')
2017-07-04 23:52:47,345-loginPage.py[line:42]-loginalert- INFO:定位用户名、密码的弹框:('css selector', '.notLogin>a')
2017-07-04 23:52:50,323-loginPage.py[line:50]-input_username- INFO:定位用户名输入框：('id', 'username'),输入用户名:18675956153
2017-07-04 23:52:50,323-loginPage.py[line:50]-input_username- INFO:定位用户名输入框：('id', 'username'),输入用户名:18675956153
2017-07-04 23:52:50,323-loginPage.py[line:50]-input_username- INFO:定位用户名输入框：('id', 'username'),输入用户名:18675956153
2017-07-04 23:52:50,454-loginPage.py[line:57]-input_pwd- INFO:定位密码输入框：('id', 'password'),输入密码:
2017-07-04 23:52:50,454-loginPage.py[line:57]-input_pwd- INFO:定位密码输入框：('id', 'password'),输入密码:
2017-07-04 23:52:50,454-loginPage.py[line:57]-input_pwd- INFO:定位密码输入框：('id', 'password'),输入密码:
2017-07-04 23:52:50,547-loginPage.py[line:64]-login_submit- INFO:点击登录按钮:('xpath', ".//input[@value='登录']")
2017-07-04 23:52:50,547-loginPage.py[line:64]-login_submit- INFO:点击登录按钮:('xpath', ".//input[@value='登录']")
2017-07-04 23:52:50,547-loginPage.py[line:64]-login_submit- INFO:点击登录按钮:('xpath', ".//input[@value='登录']")
2017-07-04 23:53:08,832-loginPage.py[line:42]-loginalert- INFO:定位用户名、密码的弹框:('css selector', '.notLogin>a')
2017-07-04 23:53:08,832-loginPage.py[line:42]-loginalert- INFO:定位用户名、密码的弹框:('css selector', '.notLogin>a')
2017-07-04 23:53:08,832-loginPage.py[line:42]-loginalert- INFO:定位用户名、密码的弹框:('css selector', '.notLogin>a')
2017-07-04 23:53:11,104-loginPage.py[line:50]-input_username- INFO:定位用户名输入框：('id', 'username'),输入用户名:13838384382
2017-07-04 23:53:11,104-loginPage.py[line:50]-input_username- INFO:定位用户名输入框：('id', 'username'),输入用户名:13838384382
2017-07-04 23:53:11,104-loginPage.py[line:50]-input_username- INFO:定位用户名输入框：('id', 'username'),输入用户名:13838384382
2017-07-04 23:53:11,261-loginPage.py[line:57]-input_pwd- INFO:定位密码输入框：('id', 'password'),输入密码:123456xyf
2017-07-04 23:53:11,261-loginPage.py[line:57]-input_pwd- INFO:定位密码输入框：('id', 'password'),输入密码:123456xyf
2017-07-04 23:53:11,261-loginPage.py[line:57]-input_pwd- INFO:定位密码输入框：('id', 'password'),输入密码:123456xyf
2017-07-04 23:53:11,353-loginPage.py[line:64]-login_submit- INFO:点击登录按钮:('xpath', ".//input[@value='登录']")
2017-07-04 23:53:11,353-loginPage.py[line:64]-login_submit- INFO:点击登录按钮:('xpath', ".//input[@value='登录']")
2017-07-04 23:53:11,353-loginPage.py[line:64]-login_submit- INFO:点击登录按钮:('xpath', ".//input[@value='登录']")
2017-07-04 23:53:28,378-loginPage.py[line:42]-loginalert- INFO:定位用户名、密码的弹框:('css selector', '.notLogin>a')
2017-07-04 23:53:28,378-loginPage.py[line:42]-loginalert- INFO:定位用户名、密码的弹框:('css selector', '.notLogin>a')
2017-07-04 23:53:28,378-loginPage.py[line:42]-loginalert- INFO:定位用户名、密码的弹框:('css selector', '.notLogin>a')
2017-07-04 23:53:30,285-loginPage.py[line:50]-input_username- INFO:定位用户名输入框：('id', 'username'),输入用户名:1383838438222
2017-07-04 23:53:30,285-loginPage.py[line:50]-input_username- INFO:定位用户名输入框：('id', 'username'),输入用户名:1383838438222
2017-07-04 23:53:30,285-loginPage.py[line:50]-input_username- INFO:定位用户名输入框：('id', 'username'),输入用户名:1383838438222
2017-07-04 23:53:30,436-loginPage.py[line:57]-input_pwd- INFO:定位密码输入框：('id', 'password'),输入密码:123456xyf
2017-07-04 23:53:30,436-loginPage.py[line:57]-input_pwd- INFO:定位密码输入框：('id', 'password'),输入密码:123456xyf
2017-07-04 23:53:30,436-loginPage.py[line:57]-input_pwd- INFO:定位密码输入框：('id', 'password'),输入密码:123456xyf
2017-07-04 23:53:30,529-loginPage.py[line:64]-login_submit- INFO:点击登录按钮:('xpath', ".//input[@value='登录']")
2017-07-04 23:53:30,529-loginPage.py[line:64]-login_submit- INFO:点击登录按钮:('xpath', ".//input[@value='登录']")
2017-07-04 23:53:30,529-loginPage.py[line:64]-login_submit- INFO:点击登录按钮:('xpath', ".//input[@value='登录']")
2017-07-04 23:53:46,555-login_pub.py[line:37]-loginalert- INFO:定位用户名、密码的弹框:('css selector', '.notLogin>a')
2017-07-04 23:53:46,555-login_pub.py[line:37]-loginalert- INFO:定位用户名、密码的弹框:('css selector', '.notLogin>a')
2017-07-04 23:53:46,555-login_pub.py[line:37]-loginalert- INFO:定位用户名、密码的弹框:('css selector', '.notLogin>a')
2017-07-04 23:53:49,713-login_pub.py[line:44]-input_username- INFO:定位用户名输入框：('id', 'username'),输入用户名:18675956153
2017-07-04 23:53:49,713-login_pub.py[line:44]-input_username- INFO:定位用户名输入框：('id', 'username'),输入用户名:18675956153
2017-07-04 23:53:49,713-login_pub.py[line:44]-input_username- INFO:定位用户名输入框：('id', 'username'),输入用户名:18675956153
2017-07-04 23:53:49,847-login_pub.py[line:51]-input_pwd- INFO:定位密码输入框：('id', 'password'),输入密码:123456xyf
2017-07-04 23:53:49,847-login_pub.py[line:51]-input_pwd- INFO:定位密码输入框：('id', 'password'),输入密码:123456xyf
2017-07-04 23:53:49,847-login_pub.py[line:51]-input_pwd- INFO:定位密码输入框：('id', 'password'),输入密码:123456xyf
2017-07-04 23:53:49,940-login_pub.py[line:58]-login_submit- INFO:点击登录按钮:('xpath', ".//input[@value='登录']")
2017-07-04 23:53:49,940-login_pub.py[line:58]-login_submit- INFO:点击登录按钮:('xpath', ".//input[@value='登录']")
2017-07-04 23:53:49,940-login_pub.py[line:58]-login_submit- INFO:点击登录按钮:('xpath', ".//input[@value='登录']")
2017-07-04 23:53:56,063-profilePage.py[line:57]-open_profile- INFO:鼠标移动到个人资料：('css selector', '.loginIn.fl>span')
2017-07-04 23:53:56,063-profilePage.py[line:57]-open_profile- INFO:鼠标移动到个人资料：('css selector', '.loginIn.fl>span')
2017-07-04 23:53:56,063-profilePage.py[line:57]-open_profile- INFO:鼠标移动到个人资料：('css selector', '.loginIn.fl>span')
2017-07-04 23:53:56,163-profilePage.py[line:59]-open_profile- INFO:点击个人资料：('css selector', '.nav_menu_bot>ul>li>a')
2017-07-04 23:53:56,163-profilePage.py[line:59]-open_profile- INFO:点击个人资料：('css selector', '.nav_menu_bot>ul>li>a')
2017-07-04 23:53:56,163-profilePage.py[line:59]-open_profile- INFO:点击个人资料：('css selector', '.nav_menu_bot>ul>li>a')
2017-07-04 23:53:59,357-profilePage.py[line:66]-real_name- INFO:输入真实姓名：('css selector', '#name')
2017-07-04 23:53:59,357-profilePage.py[line:66]-real_name- INFO:输入真实姓名：('css selector', '#name')
2017-07-04 23:53:59,357-profilePage.py[line:66]-real_name- INFO:输入真实姓名：('css selector', '#name')
2017-07-04 23:53:59,452-profilePage.py[line:73]-choose_sex01- INFO:选择性别：('xpath', ".//input[@value='男']")
2017-07-04 23:53:59,452-profilePage.py[line:73]-choose_sex01- INFO:选择性别：('xpath', ".//input[@value='男']")
2017-07-04 23:53:59,452-profilePage.py[line:73]-choose_sex01- INFO:选择性别：('xpath', ".//input[@value='男']")
2017-07-04 23:53:59,658-profilePage.py[line:86]-email- INFO:定位邮箱输入框：('xpath', ".//*[@id='email']"),输入邮箱：790577657@qq.com
2017-07-04 23:53:59,658-profilePage.py[line:86]-email- INFO:定位邮箱输入框：('xpath', ".//*[@id='email']"),输入邮箱：790577657@qq.com
2017-07-04 23:53:59,658-profilePage.py[line:86]-email- INFO:定位邮箱输入框：('xpath', ".//*[@id='email']"),输入邮箱：790577657@qq.com
2017-07-04 23:54:01,949-profilePage.py[line:100]-choose_locator- INFO:选择省：
2017-07-04 23:54:01,949-profilePage.py[line:100]-choose_locator- INFO:选择省：
2017-07-04 23:54:01,949-profilePage.py[line:100]-choose_locator- INFO:选择省：
